<?xml version="1.0" encoding="UTF-8"?>
<!-- Generated by org.testng.reporters.JUnitXMLReporter -->
<testsuite ignored="0" hostname="LAPTOP-I0Q90R20" failures="1" tests="3" name="Regression1" time="0.188" errors="0" timestamp="2023-05-10T18:43:10 EDT">
  <testcase classname="test.Test_with_Listeners" name="Openbrowser" time="0.04"/>
  <testcase classname="test.Test_with_Listeners" name="Setup" time="0.04">
    <failure type="java.lang.AssertionError">
      <![CDATA[java.lang.AssertionError: 
at test.Test_with_Listeners.Setup(Test_with_Listeners.java:19)
at java.base/java.util.concurrent.ThreadPoolExecutor.runWorker(ThreadPoolExecutor.java:1130)
at java.base/java.util.concurrent.ThreadPoolExecutor$Worker.run(ThreadPoolExecutor.java:630)
at java.base/java.lang.Thread.run(Thread.java:832)
... Removed 14 stack frames]]>
    </failure>
  </testcase> <!-- Setup -->
  <testcase classname="test.Test_with_Listeners" name="testcase" time="0.0">
    <skipped/>
  </testcase> <!-- testcase -->
</testsuite> <!-- Regression1 -->
