<?xml version="1.0" encoding="UTF-8"?>
<testng-results ignored="0" total="1" passed="1" failed="0" skipped="0">
  <reporter-output>
  </reporter-output>
  <suite started-at="2023-06-04T22:09:06 EDT" name="Default suite" finished-at="2023-06-04T22:09:24 EDT" duration-ms="18118">
    <groups>
    </groups>
    <test started-at="2023-06-04T22:09:06 EDT" name="Default test" finished-at="2023-06-04T22:09:24 EDT" duration-ms="18118">
      <class name="test.File_upload">
        <test-method signature="Test_File()[pri:0, instance:test.File_upload@74f0ea28]" started-at="2023-06-04T22:09:06 EDT" name="Test_File" finished-at="2023-06-04T22:09:24 EDT" duration-ms="18037" status="PASS">
          <reporter-output>
          </reporter-output>
        </test-method> <!-- Test_File -->
      </class> <!-- test.File_upload -->
    </test> <!-- Default test -->
  </suite> <!-- Default suite -->
</testng-results>
